{"meta": {"format": 3, "version": "7.13.5", "timestamp": "2026-03-24T16:32:03.481303", "branch_coverage": true, "show_contexts": false}, "files": {"app\\services\\cognito_service.py": {"executed_lines": [1, 2, 3, 4, 5, 6, 7, 8, 9, 10, 11, 13, 15, 18, 19, 20, 22, 23, 24, 25, 26, 27, 30, 31, 32, 33, 35, 36, 37, 39, 40, 42, 43, 44, 45, 46, 48, 52, 53, 54, 56, 61, 68, 70, 71, 74, 75, 76, 77, 79, 86, 87, 88, 89, 92, 96, 101, 103, 104, 111, 112, 124, 128, 129, 130, 131, 133, 141, 143, 146, 156, 162, 163, 164, 165, 169, 173, 174, 175, 176, 177, 178, 179, 181, 185, 187, 189, 202, 204, 205, 206, 207, 210, 214, 216, 223, 225, 226, 234, 235, 236, 238, 241, 242, 243, 244, 245], "summary": {"covered_lines": 107, "num_statements": 129, "percent_covered": 82.97872340425532, "percent_covered_display": "83", "missing_lines": 22, "excluded_lines": 0, "percent_statements_covered": 82.94573643410853, "percent_statements_covered_display": "83", "num_branches": 12, "num_partial_branches": 2, "covered_branches": 10, "missing_branches": 2, "percent_branches_covered": 83.33333333333333, "percent_branches_covered_display": "83"}, "missing_lines": [55, 57, 59, 90, 113, 114, 115, 116, 117, 118, 119, 120, 121, 122, 166, 167, 227, 228, 229, 230, 231, 232], "excluded_lines": [], "executed_branches": [[37, 39], [37, 40], [44, 45], [54, 56], [76, 77], [76, 79], [175, 176], [175, 177], [241, 242], [241, 243]], "missing_branches": [[44, 46], [54, 55]], "functions": {"CognitoService.__init__": {"executed_lines": [24, 25, 26, 27, 30, 31, 32, 33], "summary": {"covered_lines": 8, "num_statements": 8, "percent_covered": 100.0, "percent_covered_display": "100", "missing_lines": 0, "excluded_lines": 0, "percent_statements_covered": 100.0, "percent_statements_covered_display": "100", "num_branches": 0, "num_partial_branches": 0, "covered_branches": 0, "missing_branches": 0, "percent_branches_covered": 100.0, "percent_branches_covered_display": "100"}, "missing_lines": [], "excluded_lines": [], "start_line": 23, "executed_branches": [], "missing_branches": []}, "CognitoService.client": {"executed_lines": [37, 39, 40], "summary": {"covered_lines": 3, "num_statements": 3, "percent_covered": 100.0, "percent_covered_display": "100", "missing_lines": 0, "excluded_lines": 0, "percent_statements_covered": 100.0, "percent_statements_covered_display": "100", "num_branches": 2, "num_partial_branches": 0, "covered_branches": 2, "missing_branches": 0, "percent_branches_covered": 100.0, "percent_branches_covered_display": "100"}, "missing_lines": [], "excluded_lines": [], "start_line": 36, "executed_branches": [[37, 39], [37, 40]], "missing_branches": []}, "CognitoService.jwks_keys": {"executed_lines": [44, 45, 46], "summary": {"covered_lines": 3, "num_statements": 3, "percent_covered": 80.0, "percent_covered_display": "80", "missing_lines": 0, "excluded_lines": 0, "percent_statements_covered": 100.0, "percent_statements_covered_display": "100", "num_branches": 2, "num_partial_branches": 1, "covered_branches": 1, "missing_branches": 1, "percent_branches_covered": 50.0, "percent_branches_covered_display": "50"}, "missing_lines": [], "excluded_lines": [], "start_line": 43, "executed_branches": [[44, 45]], "missing_branches": [[44, 46]]}, "CognitoService._get_cognito_jwks": {"executed_lines": [52, 53, 54, 56], "summary": {"covered_lines": 4, "num_statements": 7, "percent_covered": 55.55555555555556, "percent_covered_display": "56", "missing_lines": 3, "excluded_lines": 0, "percent_statements_covered": 57.142857142857146, "percent_statements_covered_display": "57", "num_branches": 2, "num_partial_branches": 1, "covered_branches": 1, "missing_branches": 1, "percent_branches_covered": 50.0, "percent_branches_covered_display": "50"}, "missing_lines": [55, 57, 59], "excluded_lines": [], "start_line": 48, "executed_branches": [[54, 56]], "missing_branches": [[54, 55]]}, "CognitoService.validate_token": {"executed_lines": [68, 70, 71, 74, 75, 76, 77, 79, 86, 87, 88, 89], "summary": {"covered_lines": 12, "num_statements": 13, "percent_covered": 93.33333333333333, "percent_covered_display": "93", "missing_lines": 1, "excluded_lines": 0, "percent_statements_covered": 92.3076923076923, "percent_statements_covered_display": "92", "num_branches": 2, "num_partial_branches": 0, "covered_branches": 2, "missing_branches": 0, "percent_branches_covered": 100.0, "percent_branches_covered_display": "100"}, "missing_lines": [90], "excluded_lines": [], "start_line": 61, "executed_branches": [[76, 77], [76, 79]], "missing_branches": []}, "CognitoService.initiate_forgot_password": {"executed_lines": [96], "summary": {"covered_lines": 1, "num_statements": 1, "percent_covered": 100.0, "percent_covered_display": "100", "missing_lines": 0, "excluded_lines": 0, "percent_statements_covered": 100.0, "percent_statements_covered_display": "100", "num_branches": 0, "num_partial_branches": 0, "covered_branches": 0, "missing_branches": 0, "percent_branches_covered": 100.0, "percent_branches_covered_display": "100"}, "missing_lines": [], "excluded_lines": [], "start_line": 92, "executed_branches": [], "missing_branches": []}, "CognitoService.confirm_forgot_password": {"executed_lines": [103, 104, 111, 112], "summary": {"covered_lines": 4, "num_statements": 14, "percent_covered": 28.571428571428573, "percent_covered_display": "29", "missing_lines": 10, "excluded_lines": 0, "percent_statements_covered": 28.571428571428573, "percent_statements_covered_display": "29", "num_branches": 0, "num_partial_branches": 0, "covered_branches": 0, "missing_branches": 0, "percent_branches_covered": 100.0, "percent_branches_covered_display": "100"}, "missing_lines": [113, 114, 115, 116, 117, 118, 119, 120, 121, 122], "excluded_lines": [], "start_line": 101, "executed_branches": [], "missing_branches": []}, "CognitoService.calculate_secret_hash": {"executed_lines": [128, 129, 130, 131], "summary": {"covered_lines": 4, "num_statements": 4, "percent_covered": 100.0, "percent_covered_display": "100", "missing_lines": 0, "excluded_lines": 0, "percent_statements_covered": 100.0, "percent_statements_covered_display": "100", "num_branches": 0, "num_partial_branches": 0, "covered_branches": 0, "missing_branches": 0, "percent_branches_covered": 100.0, "percent_branches_covered_display": "100"}, "missing_lines": [], "excluded_lines": [], "start_line": 124, "executed_branches": [], "missing_branches": []}, "CognitoService.authenticate_user": {"executed_lines": [141, 143, 146, 156, 162, 163, 164, 165], "summary": {"covered_lines": 8, "num_statements": 10, "percent_covered": 80.0, "percent_covered_display": "80", "missing_lines": 2, "excluded_lines": 0, "percent_statements_covered": 80.0, "percent_statements_covered_display": "80", "num_branches": 0, "num_partial_branches": 0, "covered_branches": 0, "missing_branches": 0, "percent_branches_covered": 100.0, "percent_branches_covered_display": "100"}, "missing_lines": [166, 167], "excluded_lines": [], "start_line": 133, "executed_branches": [], "missing_branches": []}, "CognitoService.check_user_role": {"executed_lines": [173, 174, 175, 176, 177, 178, 179], "summary": {"covered_lines": 7, "num_statements": 7, "percent_covered": 100.0, "percent_covered_display": "100", "missing_lines": 0, "excluded_lines": 0, "percent_statements_covered": 100.0, "percent_statements_covered_display": "100", "num_branches": 2, "num_partial_branches": 0, "covered_branches": 2, "missing_branches": 0, "percent_branches_covered": 100.0, "percent_branches_covered_display": "100"}, "missing_lines": [], "excluded_lines": [], "start_line": 169, "executed_branches": [[175, 176], [175, 177]], "missing_branches": []}, "CognitoService.register_user": {"executed_lines": [185, 187, 189, 202, 204, 205, 206, 207], "summary": {"covered_lines": 8, "num_statements": 8, "percent_covered": 100.0, "percent_covered_display": "100", "missing_lines": 0, "excluded_lines": 0, "percent_statements_covered": 100.0, "percent_statements_covered_display": "100", "num_branches": 0, "num_partial_branches": 0, "covered_branches": 0, "missing_branches": 0, "percent_branches_covered": 100.0, "percent_branches_covered_display": "100"}, "missing_lines": [], "excluded_lines": [], "start_line": 181, "executed_branches": [], "missing_branches": []}, "CognitoService.confirm_user": {"executed_lines": [214, 216, 223, 225, 226], "summary": {"covered_lines": 5, "num_statements": 11, "percent_covered": 45.45454545454545, "percent_covered_display": "45", "missing_lines": 6, "excluded_lines": 0, "percent_statements_covered": 45.45454545454545, "percent_statements_covered_display": "45", "num_branches": 0, "num_partial_branches": 0, "covered_branches": 0, "missing_branches": 0, "percent_branches_covered": 100.0, "percent_branches_covered_display": "100"}, "missing_lines": [227, 228, 229, 230, 231, 232], "excluded_lines": [], "start_line": 210, "executed_branches": [], "missing_branches": []}, "RoleChecker.__init__": {"executed_lines": [236], "summary": {"covered_lines": 1, "num_statements": 1, "percent_covered": 100.0, "percent_covered_display": "100", "missing_lines": 0, "excluded_lines": 0, "percent_statements_covered": 100.0, "percent_statements_covered_display": "100", "num_branches": 0, "num_partial_branches": 0, "covered_branches": 0, "missing_branches": 0, "percent_branches_covered": 100.0, "percent_branches_covered_display": "100"}, "missing_lines": [], "excluded_lines": [], "start_line": 235, "executed_branches": [], "missing_branches": []}, "RoleChecker.__call__": {"executed_lines": [241, 242, 243, 244, 245], "summary": {"covered_lines": 5, "num_statements": 5, "percent_covered": 100.0, "percent_covered_display": "100", "missing_lines": 0, "excluded_lines": 0, "percent_statements_covered": 100.0, "percent_statements_covered_display": "100", "num_branches": 2, "num_partial_branches": 0, "covered_branches": 2, "missing_branches": 0, "percent_branches_covered": 100.0, "percent_branches_covered_display": "100"}, "missing_lines": [], "excluded_lines": [], "start_line": 238, "executed_branches": [[241, 242], [241, 243]], "missing_branches": []}, "": {"executed_lines": [1, 2, 3, 4, 5, 6, 7, 8, 9, 10, 11, 13, 15, 18, 19, 20, 22, 23, 35, 36, 42, 43, 48, 61, 92, 101, 124, 133, 169, 181, 210, 234, 235, 238], "summary": {"covered_lines": 34, "num_statements": 34, "percent_covered": 100.0, "percent_covered_display": "100", "missing_lines": 0, "excluded_lines": 0, "percent_statements_covered": 100.0, "percent_statements_covered_display": "100", "num_branches": 0, "num_partial_branches": 0, "covered_branches": 0, "missing_branches": 0, "percent_branches_covered": 100.0, "percent_branches_covered_display": "100"}, "missing_lines": [], "excluded_lines": [], "start_line": 1, "executed_branches": [], "missing_branches": []}}, "classes": {"CognitoService": {"executed_lines": [24, 25, 26, 27, 30, 31, 32, 33, 37, 39, 40, 44, 45, 46, 52, 53, 54, 56, 68, 70, 71, 74, 75, 76, 77, 79, 86, 87, 88, 89, 96, 103, 104, 111, 112, 128, 129, 130, 131, 141, 143, 146, 156, 162, 163, 164, 165, 173, 174, 175, 176, 177, 178, 179, 185, 187, 189, 202, 204, 205, 206, 207, 214, 216, 223, 225, 226], "summary": {"covered_lines": 67, "num_statements": 89, "percent_covered": 75.75757575757575, "percent_covered_display": "76", "missing_lines": 22, "excluded_lines": 0, "percent_statements_covered": 75.28089887640449, "percent_statements_covered_display": "75", "num_branches": 10, "num_partial_branches": 2, "covered_branches": 8, "missing_branches": 2, "percent_branches_covered": 80.0, "percent_branches_covered_display": "80"}, "missing_lines": [55, 57, 59, 90, 113, 114, 115, 116, 117, 118, 119, 120, 121, 122, 166, 167, 227, 228, 229, 230, 231, 232], "excluded_lines": [], "start_line": 22, "executed_branches": [[37, 39], [37, 40], [44, 45], [54, 56], [76, 77], [76, 79], [175, 176], [175, 177]], "missing_branches": [[44, 46], [54, 55]]}, "RoleChecker": {"executed_lines": [236, 241, 242, 243, 244, 245], "summary": {"covered_lines": 6, "num_statements": 6, "percent_covered": 100.0, "percent_covered_display": "100", "missing_lines": 0, "excluded_lines": 0, "percent_statements_covered": 100.0, "percent_statements_covered_display": "100", "num_branches": 2, "num_partial_branches": 0, "covered_branches": 2, "missing_branches": 0, "percent_branches_covered": 100.0, "percent_branches_covered_display": "100"}, "missing_lines": [], "excluded_lines": [], "start_line": 234, "executed_branches": [[241, 242], [241, 243]], "missing_branches": []}, "": {"executed_lines": [1, 2, 3, 4, 5, 6, 7, 8, 9, 10, 11, 13, 15, 18, 19, 20, 22, 23, 35, 36, 42, 43, 48, 61, 92, 101, 124, 133, 169, 181, 210, 234, 235, 238], "summary": {"covered_lines": 34, "num_statements": 34, "percent_covered": 100.0, "percent_covered_display": "100", "missing_lines": 0, "excluded_lines": 0, "percent_statements_covered": 100.0, "percent_statements_covered_display": "100", "num_branches": 0, "num_partial_branches": 0, "covered_branches": 0, "missing_branches": 0, "percent_branches_covered": 100.0, "percent_branches_covered_display": "100"}, "missing_lines": [], "excluded_lines": [], "start_line": 1, "executed_branches": [], "missing_branches": []}}}}, "totals": {"covered_lines": 107, "num_statements": 129, "percent_covered": 82.97872340425532, "percent_covered_display": "83", "missing_lines": 22, "excluded_lines": 0, "percent_statements_covered": 82.94573643410853, "percent_statements_covered_display": "83", "num_branches": 12, "num_partial_branches": 2, "covered_branches": 10, "missing_branches": 2, "percent_branches_covered": 83.33333333333333, "percent_branches_covered_display": "83"}}